<?xml version="1.0" encoding="UTF-8"?>
<!-- Generated by org.testng.reporters.JUnitReportReporter -->
<testsuite hostname="DESKTOP-GIVDL3E" failures="0" tests="1" name="com.basics.Practice1" time="22.831" errors="0" timestamp="2022-08-06T23:09:52 IST" skipped="0">
  <testcase classname="com.basics.Practice1" name="loginTest" time="22.831"/>
  <system-out/>
</testsuite> <!-- com.basics.Practice1 -->
